2017-07-20T21:45:56.802Z: TypeError: Cannot read property 'length' of undefined
2017-07-20T21:45:56.944Z: Error: ER_BAD_FIELD_ERROR: Unknown column 'token' in 'where clause'
2017-07-20T21:45:57.458Z: TypeError: Cannot read property 'length' of undefined
2017-07-20T21:45:57.550Z: Error: ER_BAD_FIELD_ERROR: Unknown column 'token' in 'where clause'
2017-07-20T21:45:57.668Z: TypeError: Cannot read property 'length' of undefined
2017-07-20T21:45:57.685Z: Error: ER_BAD_FIELD_ERROR: Unknown column 'token' in 'where clause'
2017-07-20T21:45:58.055Z: TypeError: Cannot read property 'length' of undefined
2017-07-20T21:45:58.061Z: Error: ER_BAD_FIELD_ERROR: Unknown column 'token' in 'where clause'
2017-07-20T21:45:58.250Z: TypeError: Cannot read property 'length' of undefined
2017-07-20T21:45:58.260Z: Error: ER_BAD_FIELD_ERROR: Unknown column 'token' in 'where clause'
2017-07-20T21:47:56.898Z: TypeError: Cannot read property 'length' of undefined
2017-07-20T21:47:56.903Z: Error: ER_BAD_FIELD_ERROR: Unknown column 'token' in 'where clause'
2017-07-20T21:47:57.457Z: TypeError: Cannot read property 'length' of undefined
2017-07-20T21:47:57.462Z: Error: ER_BAD_FIELD_ERROR: Unknown column 'token' in 'where clause'
2017-07-20T21:47:57.672Z: TypeError: Cannot read property 'length' of undefined
2017-07-20T21:47:57.676Z: Error: ER_BAD_FIELD_ERROR: Unknown column 'token' in 'where clause'
2017-07-20T21:48:50.943Z: TypeError: Cannot read property 'length' of undefined
2017-07-20T21:48:50.950Z: Error: ER_BAD_FIELD_ERROR: Unknown column 'token' in 'where clause'
2017-07-20T21:48:54.278Z: TypeError: Cannot read property 'length' of undefined
2017-07-20T21:48:54.284Z: Error: ER_BAD_FIELD_ERROR: Unknown column 'token' in 'where clause'
2017-07-20T21:50:50.952Z: TypeError: Cannot read property 'length' of undefined
2017-07-20T21:50:50.983Z: Error: ER_BAD_FIELD_ERROR: Unknown column 'token' in 'where clause'
2017-07-20T21:50:54.284Z: TypeError: Cannot read property 'length' of undefined
2017-07-20T21:50:54.315Z: Error: ER_BAD_FIELD_ERROR: Unknown column 'token' in 'where clause'
2017-07-20T22:37:45.123Z: TypeError: Cannot read property 'length' of undefined
2017-07-20T22:37:45.133Z: Error: ER_BAD_FIELD_ERROR: Unknown column 'token' in 'where clause'
2017-07-20T22:37:45.361Z: TypeError: Cannot read property 'length' of undefined
2017-07-20T22:37:45.365Z: Error: ER_BAD_FIELD_ERROR: Unknown column 'token' in 'where clause'
2017-07-20T22:37:45.886Z: TypeError: Cannot read property 'length' of undefined
2017-07-20T22:37:45.890Z: Error: ER_BAD_FIELD_ERROR: Unknown column 'token' in 'where clause'
2017-07-20T22:37:46.367Z: TypeError: Cannot read property 'length' of undefined
2017-07-20T22:37:46.372Z: Error: ER_BAD_FIELD_ERROR: Unknown column 'token' in 'where clause'
2017-07-20T22:37:46.673Z: TypeError: Cannot read property 'length' of undefined
2017-07-20T22:37:46.677Z: Error: ER_BAD_FIELD_ERROR: Unknown column 'token' in 'where clause'
2017-07-20T22:37:46.988Z: TypeError: Cannot read property 'length' of undefined
2017-07-20T22:37:46.992Z: Error: ER_BAD_FIELD_ERROR: Unknown column 'token' in 'where clause'
2017-07-20T22:39:45.126Z: TypeError: Cannot read property 'length' of undefined
2017-07-20T22:39:45.135Z: Error: ER_BAD_FIELD_ERROR: Unknown column 'token' in 'where clause'
2017-07-20T22:39:45.363Z: TypeError: Cannot read property 'length' of undefined
2017-07-20T22:39:45.366Z: Error: ER_BAD_FIELD_ERROR: Unknown column 'token' in 'where clause'
2017-07-20T22:39:46.047Z: TypeError: Cannot read property 'length' of undefined
2017-07-20T22:39:46.057Z: Error: ER_BAD_FIELD_ERROR: Unknown column 'token' in 'where clause'
2017-07-20T22:39:46.370Z: TypeError: Cannot read property 'length' of undefined
2017-07-20T22:39:46.373Z: Error: ER_BAD_FIELD_ERROR: Unknown column 'token' in 'where clause'
2017-07-20T22:39:46.676Z: TypeError: Cannot read property 'length' of undefined
2017-07-20T22:39:46.679Z: Error: ER_BAD_FIELD_ERROR: Unknown column 'token' in 'where clause'
2017-07-20T22:39:46.992Z: TypeError: Cannot read property 'length' of undefined
2017-07-20T22:39:46.995Z: Error: ER_BAD_FIELD_ERROR: Unknown column 'token' in 'where clause'
2017-07-20T22:41:45.133Z: TypeError: Cannot read property 'length' of undefined
2017-07-20T22:41:45.171Z: Error: ER_BAD_FIELD_ERROR: Unknown column 'token' in 'where clause'
2017-07-20T22:41:45.366Z: TypeError: Cannot read property 'length' of undefined
2017-07-20T22:41:45.369Z: Error: ER_BAD_FIELD_ERROR: Unknown column 'token' in 'where clause'
2017-07-20T22:41:45.895Z: TypeError: Cannot read property 'length' of undefined
2017-07-20T22:41:45.902Z: Error: ER_BAD_FIELD_ERROR: Unknown column 'token' in 'where clause'
2017-07-20T22:41:46.373Z: TypeError: Cannot read property 'length' of undefined
2017-07-20T22:41:46.375Z: Error: ER_BAD_FIELD_ERROR: Unknown column 'token' in 'where clause'
2017-07-20T22:41:46.680Z: TypeError: Cannot read property 'length' of undefined
2017-07-20T22:41:46.683Z: Error: ER_BAD_FIELD_ERROR: Unknown column 'token' in 'where clause'
2017-07-20T22:43:21.514Z: TypeError: Cannot read property 'length' of undefined
2017-07-20T22:43:21.529Z: Error: ER_BAD_FIELD_ERROR: Unknown column 'token' in 'where clause'
2017-07-21T00:45:39.370Z: Error: ENOENT: no such file or directory, open '/mnt/c/Users/carlos/Desktop/bookstore/favicon.ico'
2017-07-24T19:58:06.449Z: Error: ENOENT: no such file or directory, open '/mnt/c/Users/carlos/Desktop/bookstore/favicon.ico'
2017-07-24T20:02:33.510Z: Error: ER_DUP_ENTRY: Duplicate entry '' for key 'token'
2017-07-24T20:02:34.234Z: Error: ER_DUP_ENTRY: Duplicate entry '' for key 'token'
2017-07-24T20:02:34.885Z: Error: ER_DUP_ENTRY: Duplicate entry '' for key 'token'
2017-07-24T20:02:35.317Z: Error: ER_DUP_ENTRY: Duplicate entry '' for key 'token'
2017-07-24T20:02:35.485Z: Error: ER_DUP_ENTRY: Duplicate entry '' for key 'token'
2017-07-24T20:02:42.062Z: Error: ER_DUP_ENTRY: Duplicate entry '' for key 'token'
2017-07-24T20:04:55.820Z: Error: ER_DUP_ENTRY: Duplicate entry '' for key 'token'
2017-07-24T20:04:56.819Z: Error: ER_DUP_ENTRY: Duplicate entry '' for key 'token'
2017-07-24T20:04:57.382Z: Error: ER_DUP_ENTRY: Duplicate entry '' for key 'token'
2017-07-24T20:04:57.550Z: Error: ER_DUP_ENTRY: Duplicate entry '' for key 'token'
2017-07-24T20:04:57.709Z: Error: ER_DUP_ENTRY: Duplicate entry '' for key 'token'
2017-07-24T20:04:59.552Z: Error: ER_DUP_ENTRY: Duplicate entry '' for key 'token'
2017-07-24T20:06:07.967Z: Error: ER_DUP_ENTRY: Duplicate entry '' for key 'token'
2017-07-24T20:06:09.310Z: Error: ER_DUP_ENTRY: Duplicate entry '' for key 'token'
2017-07-24T20:06:09.488Z: Error: ER_DUP_ENTRY: Duplicate entry '' for key 'token'
2017-07-24T20:06:09.634Z: Error: ER_DUP_ENTRY: Duplicate entry '' for key 'token'
2017-07-24T20:06:09.775Z: Error: ER_DUP_ENTRY: Duplicate entry '' for key 'token'
2017-07-24T20:06:09.922Z: Error: ER_DUP_ENTRY: Duplicate entry '' for key 'token'
2017-07-26T00:53:59.490Z: Error: ENOENT: no such file or directory, open '/mnt/c/Users/carlos/Desktop/bookstore/favicon.ico'
2017-07-26T00:54:04.254Z: Error: ER_DUP_ENTRY: Duplicate entry '' for key 'token'
2017-07-26T00:54:04.978Z: Error: ER_DUP_ENTRY: Duplicate entry '' for key 'token'
2017-07-26T00:54:05.296Z: Error: ER_DUP_ENTRY: Duplicate entry '' for key 'token'
2017-07-26T00:54:05.478Z: Error: ER_DUP_ENTRY: Duplicate entry '' for key 'token'
2017-07-26T00:54:05.780Z: Error: ER_DUP_ENTRY: Duplicate entry '' for key 'token'
2017-07-26T00:54:05.947Z: Error: ER_DUP_ENTRY: Duplicate entry '' for key 'token'
2017-07-26T00:56:44.871Z: Error: ER_DUP_ENTRY: Duplicate entry '' for key 'token'
2017-07-26T00:56:46.322Z: Error: ER_DUP_ENTRY: Duplicate entry '' for key 'token'
2017-07-26T00:56:46.954Z: Error: ER_DUP_ENTRY: Duplicate entry '' for key 'token'
2017-07-26T00:56:47.192Z: Error: ER_DUP_ENTRY: Duplicate entry '' for key 'token'
2017-07-26T00:56:47.350Z: Error: ER_DUP_ENTRY: Duplicate entry '' for key 'token'
2017-07-26T00:56:58.760Z: Error: ER_DUP_ENTRY: Duplicate entry '' for key 'token'
2017-07-26T02:34:30.990Z: Error: ENOENT: no such file or directory, open '/mnt/c/Users/carlos/Desktop/bookstore/undefined'
2017-07-26T02:34:38.556Z: Error: ENOENT: no such file or directory, open '/mnt/c/Users/carlos/Desktop/bookstore/undefined'
2017-07-26T02:34:41.839Z: Error: ENOENT: no such file or directory, open '/mnt/c/Users/carlos/Desktop/bookstore/undefined'
2017-07-26T02:35:20.114Z: Error: ENOENT: no such file or directory, open '/mnt/c/Users/carlos/Desktop/bookstore/undefined'
2017-07-26T02:37:42.353Z: Error: ENOENT: no such file or directory, open '/mnt/c/Users/carlos/Desktop/bookstore/undefined'
2017-07-26T19:48:04.731Z: Error: connect ECONNREFUSED 127.0.0.1:3306
2017-07-26T19:49:50.019Z: Error: ENOENT: no such file or directory, open '/mnt/c/Users/carlos/Desktop/bookstore/favicon.ico'
2017-07-26T19:57:50.447Z: Error: ER_DUP_ENTRY: Duplicate entry '' for key 'token'
2017-07-26T19:57:51.116Z: Error: ER_DUP_ENTRY: Duplicate entry '' for key 'token'
2017-07-26T19:57:51.346Z: Error: ER_DUP_ENTRY: Duplicate entry '' for key 'token'
2017-07-26T19:57:51.523Z: Error: ER_DUP_ENTRY: Duplicate entry '' for key 'token'
2017-07-26T19:57:51.665Z: Error: ER_DUP_ENTRY: Duplicate entry '' for key 'token'
2017-07-26T19:57:51.806Z: Error: ER_DUP_ENTRY: Duplicate entry '' for key 'token'
2017-07-26T20:17:56.782Z: Error: ENOENT: no such file or directory, open '/mnt/c/Users/carlos/Desktop/bookstore/undefined'
2017-07-26T20:18:16.038Z: Error: ENOENT: no such file or directory, open '/mnt/c/Users/carlos/Desktop/bookstore/undefined'
2017-07-26T20:19:02.385Z: Error: ENOENT: no such file or directory, open '/mnt/c/Users/carlos/Desktop/bookstore/undefined'
2017-07-26T20:19:20.321Z: Error: ENOENT: no such file or directory, open '/mnt/c/Users/carlos/Desktop/bookstore/undefined'
2017-07-26T20:19:24.455Z: Error: ENOENT: no such file or directory, open '/mnt/c/Users/carlos/Desktop/bookstore/undefined'
2017-07-26T20:19:27.412Z: Error: ENOENT: no such file or directory, open '/mnt/c/Users/carlos/Desktop/bookstore/undefined'
2017-07-26T20:19:27.778Z: Error: ENOENT: no such file or directory, open '/mnt/c/Users/carlos/Desktop/bookstore/undefined'
2017-07-26T20:19:30.432Z: Error: ENOENT: no such file or directory, open '/mnt/c/Users/carlos/Desktop/bookstore/undefined'
2017-07-26T20:19:33.482Z: Error: ENOENT: no such file or directory, open '/mnt/c/Users/carlos/Desktop/bookstore/undefined'
2017-07-26T20:19:50.121Z: Error: ENOENT: no such file or directory, open '/mnt/c/Users/carlos/Desktop/bookstore/undefined'
2017-07-26T20:20:10.584Z: Error: ENOENT: no such file or directory, open '/mnt/c/Users/carlos/Desktop/bookstore/undefined'
2017-07-26T20:21:16.164Z: Error: ENOENT: no such file or directory, open '/mnt/c/Users/carlos/Desktop/bookstore/undefined'
2017-07-26T20:21:19.494Z: Error: ENOENT: no such file or directory, open '/mnt/c/Users/carlos/Desktop/bookstore/undefined'
2017-07-26T20:21:24.851Z: Error: ENOENT: no such file or directory, open '/mnt/c/Users/carlos/Desktop/bookstore/undefined'
2017-07-26T20:22:18.297Z: Error: ENOENT: no such file or directory, open '/mnt/c/Users/carlos/Desktop/bookstore/undefined'
2017-07-26T20:22:38.888Z: Error: ENOENT: no such file or directory, open '/mnt/c/Users/carlos/Desktop/bookstore/undefined'
2017-07-26T20:49:44.039Z: Error: ENOENT: no such file or directory, open '/mnt/c/Users/carlos/Desktop/bookstore/jk-rating-stars.min.css'
2017-07-26T20:49:44.133Z: Error: ENOENT: no such file or directory, open '/mnt/c/Users/carlos/Desktop/bookstore/jk-rating-stars.min.js'
2017-07-26T20:49:44.140Z: Error: ENOENT: no such file or directory, open '/mnt/c/Users/carlos/Desktop/bookstore/SimpleCart.min.js'
2017-07-26T20:49:44.435Z: Error: ENOENT: no such file or directory, open '/mnt/c/Users/carlos/Desktop/bookstore/jk-rating-stars.min.css'
2017-07-26T20:49:44.438Z: Error: ENOENT: no such file or directory, open '/mnt/c/Users/carlos/Desktop/bookstore/jk-rating-stars.min.js'
2017-07-26T20:49:44.447Z: Error: ENOENT: no such file or directory, open '/mnt/c/Users/carlos/Desktop/bookstore/SimpleCart.min.js'
2017-07-26T21:23:26.763Z: Error: ENOENT: no such file or directory, open '/mnt/c/Users/carlos/Desktop/bookstore/SimpleCart.min.js'
2017-07-26T21:23:27.913Z: Error: ENOENT: no such file or directory, open '/mnt/c/Users/carlos/Desktop/bookstore/SimpleCart.min.js'
2017-07-26T21:26:36.272Z: Error: ENOENT: no such file or directory, open '/mnt/c/Users/carlos/Desktop/bookstore/SimpleCart.min.js'
2017-07-26T21:26:36.410Z: Error: ENOENT: no such file or directory, open '/mnt/c/Users/carlos/Desktop/bookstore/SimpleCart.min.js'
2017-07-26T21:26:39.259Z: Error: ENOENT: no such file or directory, open '/mnt/c/Users/carlos/Desktop/bookstore/SimpleCart.min.js'
2017-07-26T21:26:39.342Z: Error: ENOENT: no such file or directory, open '/mnt/c/Users/carlos/Desktop/bookstore/SimpleCart.min.js'
2017-07-26T21:27:37.551Z: Error: ENOENT: no such file or directory, open '/mnt/c/Users/carlos/Desktop/bookstore/SimpleCart.min.js'
2017-07-26T21:27:37.786Z: Error: ENOENT: no such file or directory, open '/mnt/c/Users/carlos/Desktop/bookstore/SimpleCart.min.js'
2017-07-26T21:32:51.553Z: Error: ENOENT: no such file or directory, open '/mnt/c/Users/carlos/Desktop/bookstore/SimpleCart.min.js'
2017-07-26T21:32:52.100Z: Error: ENOENT: no such file or directory, open '/mnt/c/Users/carlos/Desktop/bookstore/SimpleCart.min.js'
2017-07-26T21:35:15.006Z: Error: ENOENT: no such file or directory, open '/mnt/c/Users/carlos/Desktop/bookstore/SimpleCart.min.js'
2017-07-26T21:35:15.265Z: Error: ENOENT: no such file or directory, open '/mnt/c/Users/carlos/Desktop/bookstore/SimpleCart.min.js'
2017-07-26T21:36:10.909Z: Error: ENOENT: no such file or directory, open '/mnt/c/Users/carlos/Desktop/bookstore/SimpleCart.min.js'
2017-07-26T21:36:11.097Z: Error: ENOENT: no such file or directory, open '/mnt/c/Users/carlos/Desktop/bookstore/SimpleCart.min.js'
2017-07-26T21:46:17.422Z: Error: ENOENT: no such file or directory, open '/mnt/c/Users/carlos/Desktop/bookstore/SimpleCart.min.js'
2017-07-26T21:46:17.609Z: Error: ENOENT: no such file or directory, open '/mnt/c/Users/carlos/Desktop/bookstore/SimpleCart.min.js'
2017-07-26T21:47:18.180Z: Error: ENOENT: no such file or directory, open '/mnt/c/Users/carlos/Desktop/bookstore/SimpleCart.min.js'
2017-07-26T21:47:18.376Z: Error: ENOENT: no such file or directory, open '/mnt/c/Users/carlos/Desktop/bookstore/SimpleCart.min.js'
2017-07-26T21:49:16.628Z: Error: ENOENT: no such file or directory, open '/mnt/c/Users/carlos/Desktop/bookstore/SimpleCart.min.js'
2017-07-26T21:49:16.835Z: Error: ENOENT: no such file or directory, open '/mnt/c/Users/carlos/Desktop/bookstore/SimpleCart.min.js'
2017-07-26T21:53:09.126Z: Error: ENOENT: no such file or directory, open '/mnt/c/Users/carlos/Desktop/bookstore/SimpleCart.min.js'
2017-07-26T21:53:09.338Z: Error: ENOENT: no such file or directory, open '/mnt/c/Users/carlos/Desktop/bookstore/SimpleCart.min.js'
2017-07-26T21:55:41.939Z: Error: ENOENT: no such file or directory, open '/mnt/c/Users/carlos/Desktop/bookstore/SimpleCart.min.js'
2017-07-26T21:55:42.165Z: Error: ENOENT: no such file or directory, open '/mnt/c/Users/carlos/Desktop/bookstore/SimpleCart.min.js'
2017-07-26T21:57:41.690Z: Error: ENOENT: no such file or directory, open '/mnt/c/Users/carlos/Desktop/bookstore/SimpleCart.min.js'
2017-07-26T21:57:41.877Z: Error: ENOENT: no such file or directory, open '/mnt/c/Users/carlos/Desktop/bookstore/SimpleCart.min.js'
2017-07-26T21:59:40.500Z: Error: ENOENT: no such file or directory, open '/mnt/c/Users/carlos/Desktop/bookstore/SimpleCart.min.js'
2017-07-26T21:59:40.690Z: Error: ENOENT: no such file or directory, open '/mnt/c/Users/carlos/Desktop/bookstore/SimpleCart.min.js'
2017-07-26T22:00:19.972Z: Error: ENOENT: no such file or directory, open '/mnt/c/Users/carlos/Desktop/bookstore/SimpleCart.min.js'
2017-07-26T22:00:20.178Z: Error: ENOENT: no such file or directory, open '/mnt/c/Users/carlos/Desktop/bookstore/SimpleCart.min.js'
2017-07-26T22:00:57.271Z: Error: ENOENT: no such file or directory, open '/mnt/c/Users/carlos/Desktop/bookstore/SimpleCart.min.js'
2017-07-26T22:00:57.491Z: Error: ENOENT: no such file or directory, open '/mnt/c/Users/carlos/Desktop/bookstore/SimpleCart.min.js'
2017-07-26T22:01:37.673Z: Error: ENOENT: no such file or directory, open '/mnt/c/Users/carlos/Desktop/bookstore/SimpleCart.min.js'
2017-07-26T22:01:37.802Z: Error: ENOENT: no such file or directory, open '/mnt/c/Users/carlos/Desktop/bookstore/SimpleCart.min.js'
2017-07-26T22:08:07.364Z: Error: ENOENT: no such file or directory, open '/mnt/c/Users/carlos/Desktop/bookstore/SimpleCart.min.js'
2017-07-26T22:08:07.570Z: Error: ENOENT: no such file or directory, open '/mnt/c/Users/carlos/Desktop/bookstore/SimpleCart.min.js'
2017-07-26T22:08:55.539Z: Error: ENOENT: no such file or directory, open '/mnt/c/Users/carlos/Desktop/bookstore/SimpleCart.min.js'
2017-07-26T22:08:55.740Z: Error: ENOENT: no such file or directory, open '/mnt/c/Users/carlos/Desktop/bookstore/SimpleCart.min.js'
2017-07-26T22:09:15.281Z: Error: ENOENT: no such file or directory, open '/mnt/c/Users/carlos/Desktop/bookstore/SimpleCart.min.js'
2017-07-26T22:09:15.488Z: Error: ENOENT: no such file or directory, open '/mnt/c/Users/carlos/Desktop/bookstore/SimpleCart.min.js'
2017-07-26T22:09:50.012Z: Error: ENOENT: no such file or directory, open '/mnt/c/Users/carlos/Desktop/bookstore/SimpleCart.min.js'
2017-07-26T22:09:50.218Z: Error: ENOENT: no such file or directory, open '/mnt/c/Users/carlos/Desktop/bookstore/SimpleCart.min.js'
2017-07-26T22:14:02.491Z: Error: ENOENT: no such file or directory, open '/mnt/c/Users/carlos/Desktop/bookstore/SimpleCart.min.js'
2017-07-26T22:14:02.731Z: Error: ENOENT: no such file or directory, open '/mnt/c/Users/carlos/Desktop/bookstore/SimpleCart.min.js'
2017-07-26T22:17:33.638Z: Error: ENOENT: no such file or directory, open '/mnt/c/Users/carlos/Desktop/bookstore/SimpleCart.min.js'
2017-07-26T22:17:33.894Z: Error: ENOENT: no such file or directory, open '/mnt/c/Users/carlos/Desktop/bookstore/SimpleCart.min.js'
2017-07-26T22:17:34.250Z: Error: ENOENT: no such file or directory, open '/mnt/c/Users/carlos/Desktop/bookstore/favicon.ico'
2017-07-26T22:17:34.255Z: Error: ENOENT: no such file or directory, open '/mnt/c/Users/carlos/Desktop/bookstore/favicon.ico'
2017-07-26T22:17:35.278Z: Error: ENOENT: no such file or directory, open '/mnt/c/Users/carlos/Desktop/bookstore/SimpleCart.min.js'
2017-07-26T22:17:35.500Z: Error: ENOENT: no such file or directory, open '/mnt/c/Users/carlos/Desktop/bookstore/SimpleCart.min.js'
2017-07-26T22:18:13.850Z: Error: ENOENT: no such file or directory, open '/mnt/c/Users/carlos/Desktop/bookstore/SimpleCart.min.js'
2017-07-26T22:18:13.992Z: Error: ENOENT: no such file or directory, open '/mnt/c/Users/carlos/Desktop/bookstore/SimpleCart.min.js'
2017-07-26T22:21:54.912Z: Error: ENOENT: no such file or directory, open '/mnt/c/Users/carlos/Desktop/bookstore/SimpleCart.min.js'
2017-07-26T22:21:55.122Z: Error: ENOENT: no such file or directory, open '/mnt/c/Users/carlos/Desktop/bookstore/SimpleCart.min.js'
2017-07-26T22:23:57.045Z: Error: ENOENT: no such file or directory, open '/mnt/c/Users/carlos/Desktop/bookstore/SimpleCart.min.js'
2017-07-26T22:23:57.288Z: Error: ENOENT: no such file or directory, open '/mnt/c/Users/carlos/Desktop/bookstore/SimpleCart.min.js'
2017-07-26T22:24:01.418Z: Error: ENOENT: no such file or directory, open '/mnt/c/Users/carlos/Desktop/bookstore/SimpleCart.min.js'
2017-07-26T22:24:01.585Z: Error: ENOENT: no such file or directory, open '/mnt/c/Users/carlos/Desktop/bookstore/SimpleCart.min.js'
2017-07-26T22:24:08.082Z: Error: ENOENT: no such file or directory, open '/mnt/c/Users/carlos/Desktop/bookstore/SimpleCart.min.js'
2017-07-26T22:24:08.233Z: Error: ENOENT: no such file or directory, open '/mnt/c/Users/carlos/Desktop/bookstore/SimpleCart.min.js'
2017-07-26T22:24:17.735Z: Error: ENOENT: no such file or directory, open '/mnt/c/Users/carlos/Desktop/bookstore/SimpleCart.min.js'
2017-07-26T22:24:17.867Z: Error: ENOENT: no such file or directory, open '/mnt/c/Users/carlos/Desktop/bookstore/SimpleCart.min.js'
2017-07-26T22:24:44.623Z: Error: ENOENT: no such file or directory, open '/mnt/c/Users/carlos/Desktop/bookstore/SimpleCart.min.js'
2017-07-26T22:24:44.809Z: Error: ENOENT: no such file or directory, open '/mnt/c/Users/carlos/Desktop/bookstore/SimpleCart.min.js'
2017-07-26T22:24:45.837Z: Error: ENOENT: no such file or directory, open '/mnt/c/Users/carlos/Desktop/bookstore/SimpleCart.min.js'
2017-07-26T22:24:45.982Z: Error: ENOENT: no such file or directory, open '/mnt/c/Users/carlos/Desktop/bookstore/SimpleCart.min.js'
2017-07-26T22:25:19.312Z: Error: ENOENT: no such file or directory, open '/mnt/c/Users/carlos/Desktop/bookstore/SimpleCart.min.js'
2017-07-26T22:25:19.473Z: Error: ENOENT: no such file or directory, open '/mnt/c/Users/carlos/Desktop/bookstore/SimpleCart.min.js'
2017-07-26T22:25:32.220Z: Error: ENOENT: no such file or directory, open '/mnt/c/Users/carlos/Desktop/bookstore/SimpleCart.min.js'
2017-07-26T22:25:32.430Z: Error: ENOENT: no such file or directory, open '/mnt/c/Users/carlos/Desktop/bookstore/SimpleCart.min.js'
2017-07-26T22:25:49.286Z: Error: ENOENT: no such file or directory, open '/mnt/c/Users/carlos/Desktop/bookstore/SimpleCart.min.js'
2017-07-26T22:25:49.494Z: Error: ENOENT: no such file or directory, open '/mnt/c/Users/carlos/Desktop/bookstore/SimpleCart.min.js'
2017-07-26T22:26:22.220Z: Error: ENOENT: no such file or directory, open '/mnt/c/Users/carlos/Desktop/bookstore/SimpleCart.min.js'
2017-07-26T22:26:22.429Z: Error: ENOENT: no such file or directory, open '/mnt/c/Users/carlos/Desktop/bookstore/SimpleCart.min.js'
2017-07-26T22:26:39.575Z: Error: ENOENT: no such file or directory, open '/mnt/c/Users/carlos/Desktop/bookstore/SimpleCart.min.js'
2017-07-26T22:26:39.781Z: Error: ENOENT: no such file or directory, open '/mnt/c/Users/carlos/Desktop/bookstore/SimpleCart.min.js'
2017-07-26T22:27:11.702Z: Error: ENOENT: no such file or directory, open '/mnt/c/Users/carlos/Desktop/bookstore/SimpleCart.min.js'
2017-07-26T22:27:11.910Z: Error: ENOENT: no such file or directory, open '/mnt/c/Users/carlos/Desktop/bookstore/SimpleCart.min.js'
2017-07-26T22:27:31.597Z: Error: ENOENT: no such file or directory, open '/mnt/c/Users/carlos/Desktop/bookstore/SimpleCart.min.js'
2017-07-26T22:27:31.810Z: Error: ENOENT: no such file or directory, open '/mnt/c/Users/carlos/Desktop/bookstore/SimpleCart.min.js'
2017-07-26T22:48:21.605Z: Error: ENOENT: no such file or directory, open '/mnt/c/Users/carlos/Desktop/bookstore/SimpleCart.min.js'
2017-07-26T22:48:21.812Z: Error: ENOENT: no such file or directory, open '/mnt/c/Users/carlos/Desktop/bookstore/SimpleCart.min.js'
2017-07-26T22:50:09.225Z: Error: ENOENT: no such file or directory, open '/mnt/c/Users/carlos/Desktop/bookstore/SimpleCart.min.js'
2017-07-26T22:50:09.428Z: Error: ENOENT: no such file or directory, open '/mnt/c/Users/carlos/Desktop/bookstore/SimpleCart.min.js'
2017-07-26T22:50:55.608Z: Error: ENOENT: no such file or directory, open '/mnt/c/Users/carlos/Desktop/bookstore/SimpleCart.min.js'
2017-07-26T22:50:55.813Z: Error: ENOENT: no such file or directory, open '/mnt/c/Users/carlos/Desktop/bookstore/SimpleCart.min.js'
2017-07-26T22:51:06.389Z: Error: ENOENT: no such file or directory, open '/mnt/c/Users/carlos/Desktop/bookstore/SimpleCart.min.js'
2017-07-26T22:51:06.546Z: Error: ENOENT: no such file or directory, open '/mnt/c/Users/carlos/Desktop/bookstore/SimpleCart.min.js'
2017-07-26T22:51:06.888Z: Error: ENOENT: no such file or directory, open '/mnt/c/Users/carlos/Desktop/bookstore/SimpleCart.min.js'
2017-07-26T22:51:07.011Z: Error: ENOENT: no such file or directory, open '/mnt/c/Users/carlos/Desktop/bookstore/SimpleCart.min.js'
2017-07-26T22:51:40.499Z: Error: ENOENT: no such file or directory, open '/mnt/c/Users/carlos/Desktop/bookstore/SimpleCart.min.js'
2017-07-26T22:51:40.740Z: Error: ENOENT: no such file or directory, open '/mnt/c/Users/carlos/Desktop/bookstore/SimpleCart.min.js'
2017-07-26T22:51:46.959Z: Error: ENOENT: no such file or directory, open '/mnt/c/Users/carlos/Desktop/bookstore/SimpleCart.min.js'
2017-07-26T22:51:47.101Z: Error: ENOENT: no such file or directory, open '/mnt/c/Users/carlos/Desktop/bookstore/SimpleCart.min.js'
2017-07-26T22:51:47.436Z: Error: ENOENT: no such file or directory, open '/mnt/c/Users/carlos/Desktop/bookstore/SimpleCart.min.js'
2017-07-26T22:51:47.556Z: Error: ENOENT: no such file or directory, open '/mnt/c/Users/carlos/Desktop/bookstore/SimpleCart.min.js'
2017-07-26T22:51:51.873Z: Error: ENOENT: no such file or directory, open '/mnt/c/Users/carlos/Desktop/bookstore/SimpleCart.min.js'
2017-07-26T22:51:51.993Z: Error: ENOENT: no such file or directory, open '/mnt/c/Users/carlos/Desktop/bookstore/SimpleCart.min.js'
2017-07-26T22:51:52.317Z: Error: ENOENT: no such file or directory, open '/mnt/c/Users/carlos/Desktop/bookstore/SimpleCart.min.js'
2017-07-26T22:51:52.458Z: Error: ENOENT: no such file or directory, open '/mnt/c/Users/carlos/Desktop/bookstore/SimpleCart.min.js'
2017-07-26T22:52:19.880Z: Error: ENOENT: no such file or directory, open '/mnt/c/Users/carlos/Desktop/bookstore/SimpleCart.min.js'
2017-07-26T22:52:20.029Z: Error: ENOENT: no such file or directory, open '/mnt/c/Users/carlos/Desktop/bookstore/SimpleCart.min.js'
2017-07-26T22:52:22.809Z: Error: ENOENT: no such file or directory, open '/mnt/c/Users/carlos/Desktop/bookstore/SimpleCart.min.js'
2017-07-26T22:52:22.935Z: Error: ENOENT: no such file or directory, open '/mnt/c/Users/carlos/Desktop/bookstore/SimpleCart.min.js'
2017-07-26T22:52:23.249Z: Error: ENOENT: no such file or directory, open '/mnt/c/Users/carlos/Desktop/bookstore/SimpleCart.min.js'
2017-07-26T22:52:23.367Z: Error: ENOENT: no such file or directory, open '/mnt/c/Users/carlos/Desktop/bookstore/SimpleCart.min.js'
2017-07-26T22:52:48.311Z: Error: ENOENT: no such file or directory, open '/mnt/c/Users/carlos/Desktop/bookstore/SimpleCart.min.js'
2017-07-26T22:52:49.195Z: Error: ENOENT: no such file or directory, open '/mnt/c/Users/carlos/Desktop/bookstore/SimpleCart.min.js'
2017-07-26T22:52:57.438Z: Error: ENOENT: no such file or directory, open '/mnt/c/Users/carlos/Desktop/bookstore/SimpleCart.min.js'
2017-07-26T22:52:57.682Z: Error: ENOENT: no such file or directory, open '/mnt/c/Users/carlos/Desktop/bookstore/SimpleCart.min.js'
2017-07-26T22:52:58.160Z: Error: ENOENT: no such file or directory, open '/mnt/c/Users/carlos/Desktop/bookstore/SimpleCart.min.js'
2017-07-26T22:52:58.274Z: Error: ENOENT: no such file or directory, open '/mnt/c/Users/carlos/Desktop/bookstore/SimpleCart.min.js'
2017-07-26T22:53:24.559Z: Error: ENOENT: no such file or directory, open '/mnt/c/Users/carlos/Desktop/bookstore/SimpleCart.min.js'
2017-07-26T22:53:24.773Z: Error: ENOENT: no such file or directory, open '/mnt/c/Users/carlos/Desktop/bookstore/SimpleCart.min.js'
2017-07-26T22:53:25.272Z: Error: ENOENT: no such file or directory, open '/mnt/c/Users/carlos/Desktop/bookstore/SimpleCart.min.js'
2017-07-26T22:53:25.395Z: Error: ENOENT: no such file or directory, open '/mnt/c/Users/carlos/Desktop/bookstore/SimpleCart.min.js'
2017-07-26T22:53:39.357Z: Error: ENOENT: no such file or directory, open '/mnt/c/Users/carlos/Desktop/bookstore/SimpleCart.min.js'
2017-07-26T22:53:39.485Z: Error: ENOENT: no such file or directory, open '/mnt/c/Users/carlos/Desktop/bookstore/SimpleCart.min.js'
2017-07-26T22:53:39.827Z: Error: ENOENT: no such file or directory, open '/mnt/c/Users/carlos/Desktop/bookstore/SimpleCart.min.js'
2017-07-26T22:53:39.943Z: Error: ENOENT: no such file or directory, open '/mnt/c/Users/carlos/Desktop/bookstore/SimpleCart.min.js'
2017-07-26T22:58:47.353Z: Error: ENOENT: no such file or directory, open '/mnt/c/Users/carlos/Desktop/bookstore/SimpleCart.min.js'
2017-07-26T22:58:47.545Z: Error: ENOENT: no such file or directory, open '/mnt/c/Users/carlos/Desktop/bookstore/SimpleCart.min.js'
2017-07-26T22:59:01.635Z: Error: ENOENT: no such file or directory, open '/mnt/c/Users/carlos/Desktop/bookstore/SimpleCart.min.js'
2017-07-26T22:59:01.846Z: Error: ENOENT: no such file or directory, open '/mnt/c/Users/carlos/Desktop/bookstore/SimpleCart.min.js'
2017-07-26T23:00:14.342Z: Error: ENOENT: no such file or directory, open '/mnt/c/Users/carlos/Desktop/bookstore/SimpleCart.min.js'
2017-07-26T23:00:14.530Z: Error: ENOENT: no such file or directory, open '/mnt/c/Users/carlos/Desktop/bookstore/SimpleCart.min.js'
2017-07-26T23:03:06.854Z: Error: ENOENT: no such file or directory, open '/mnt/c/Users/carlos/Desktop/bookstore/SimpleCart.min.js'
2017-07-26T23:03:07.058Z: Error: ENOENT: no such file or directory, open '/mnt/c/Users/carlos/Desktop/bookstore/SimpleCart.min.js'
2017-07-26T23:06:13.038Z: Error: ENOENT: no such file or directory, open '/mnt/c/Users/carlos/Desktop/bookstore/SimpleCart.min.js'
2017-07-26T23:06:13.232Z: Error: ENOENT: no such file or directory, open '/mnt/c/Users/carlos/Desktop/bookstore/SimpleCart.min.js'
2017-07-26T23:06:23.352Z: Error: ENOENT: no such file or directory, open '/mnt/c/Users/carlos/Desktop/bookstore/SimpleCart.min.js'
2017-07-26T23:06:23.497Z: Error: ENOENT: no such file or directory, open '/mnt/c/Users/carlos/Desktop/bookstore/SimpleCart.min.js'
2017-07-26T23:07:33.588Z: Error: ENOENT: no such file or directory, open '/mnt/c/Users/carlos/Desktop/bookstore/SimpleCart.min.js'
2017-07-26T23:07:33.803Z: Error: ENOENT: no such file or directory, open '/mnt/c/Users/carlos/Desktop/bookstore/SimpleCart.min.js'
2017-07-26T23:09:15.056Z: Error: ENOENT: no such file or directory, open '/mnt/c/Users/carlos/Desktop/bookstore/SimpleCart.min.js'
2017-07-26T23:09:15.274Z: Error: ENOENT: no such file or directory, open '/mnt/c/Users/carlos/Desktop/bookstore/SimpleCart.min.js'
2017-07-26T23:09:47.200Z: Error: ENOENT: no such file or directory, open '/mnt/c/Users/carlos/Desktop/bookstore/SimpleCart.min.js'
2017-07-26T23:09:47.411Z: Error: ENOENT: no such file or directory, open '/mnt/c/Users/carlos/Desktop/bookstore/SimpleCart.min.js'
2017-07-26T23:12:23.038Z: Error: ENOENT: no such file or directory, open '/mnt/c/Users/carlos/Desktop/bookstore/SimpleCart.min.js'
2017-07-26T23:12:23.243Z: Error: ENOENT: no such file or directory, open '/mnt/c/Users/carlos/Desktop/bookstore/SimpleCart.min.js'
2017-07-26T23:12:43.749Z: Error: ENOENT: no such file or directory, open '/mnt/c/Users/carlos/Desktop/bookstore/SimpleCart.min.js'
2017-07-26T23:12:43.924Z: Error: ENOENT: no such file or directory, open '/mnt/c/Users/carlos/Desktop/bookstore/SimpleCart.min.js'
2017-07-26T23:14:11.357Z: Error: ENOENT: no such file or directory, open '/mnt/c/Users/carlos/Desktop/bookstore/SimpleCart.min.js'
2017-07-26T23:14:11.559Z: Error: ENOENT: no such file or directory, open '/mnt/c/Users/carlos/Desktop/bookstore/SimpleCart.min.js'
2017-07-26T23:16:24.155Z: Error: ENOENT: no such file or directory, open '/mnt/c/Users/carlos/Desktop/bookstore/SimpleCart.min.js'
2017-07-26T23:16:24.353Z: Error: ENOENT: no such file or directory, open '/mnt/c/Users/carlos/Desktop/bookstore/SimpleCart.min.js'
2017-07-26T23:17:05.117Z: Error: ER_BAD_FIELD_ERROR: Unknown column 'City' in 'field list'
2017-07-26T23:17:06.577Z: Error: ER_BAD_FIELD_ERROR: Unknown column 'City' in 'field list'
2017-07-26T23:17:06.800Z: Error: ER_BAD_FIELD_ERROR: Unknown column 'City' in 'field list'
2017-07-26T23:17:55.551Z: Error: ENOENT: no such file or directory, open '/mnt/c/Users/carlos/Desktop/bookstore/SimpleCart.min.js'
2017-07-26T23:17:55.745Z: Error: ENOENT: no such file or directory, open '/mnt/c/Users/carlos/Desktop/bookstore/SimpleCart.min.js'
2017-07-26T23:19:02.037Z: Error: ER_BAD_NULL_ERROR: Column 'ExpirationDate' cannot be null
2017-07-26T23:19:06.519Z: Error: ER_BAD_NULL_ERROR: Column 'ExpirationDate' cannot be null
2017-07-26T23:19:08.244Z: Error: ER_BAD_NULL_ERROR: Column 'ExpirationDate' cannot be null
2017-07-26T23:21:02.083Z: Error: ER_BAD_NULL_ERROR: Column 'ExpirationDate' cannot be null
2017-07-26T23:21:06.523Z: Error: ER_BAD_NULL_ERROR: Column 'ExpirationDate' cannot be null
2017-07-26T23:21:08.245Z: Error: ER_BAD_NULL_ERROR: Column 'ExpirationDate' cannot be null
2017-07-26T23:25:40.217Z: Error: ENOENT: no such file or directory, open '/mnt/c/Users/carlos/Desktop/bookstore/SimpleCart.min.js'
2017-07-26T23:25:40.428Z: Error: ENOENT: no such file or directory, open '/mnt/c/Users/carlos/Desktop/bookstore/SimpleCart.min.js'
2017-07-26T23:33:37.545Z: Error: ENOENT: no such file or directory, open '/mnt/c/Users/carlos/Desktop/bookstore/SimpleCart.min.js'
2017-07-26T23:33:37.747Z: Error: ENOENT: no such file or directory, open '/mnt/c/Users/carlos/Desktop/bookstore/SimpleCart.min.js'
2017-07-26T23:34:16.410Z: Error: ENOENT: no such file or directory, open '/mnt/c/Users/carlos/Desktop/bookstore/SimpleCart.min.js'
2017-07-26T23:34:16.620Z: Error: ENOENT: no such file or directory, open '/mnt/c/Users/carlos/Desktop/bookstore/SimpleCart.min.js'
2017-07-26T23:38:08.233Z: Error: ENOENT: no such file or directory, open '/mnt/c/Users/carlos/Desktop/bookstore/SimpleCart.min.js'
2017-07-26T23:38:08.437Z: Error: ENOENT: no such file or directory, open '/mnt/c/Users/carlos/Desktop/bookstore/SimpleCart.min.js'
2017-07-26T23:38:16.208Z: Error: ENOENT: no such file or directory, open '/mnt/c/Users/carlos/Desktop/bookstore/SimpleCart.min.js'
2017-07-26T23:38:16.364Z: Error: ENOENT: no such file or directory, open '/mnt/c/Users/carlos/Desktop/bookstore/SimpleCart.min.js'
2017-07-26T23:40:05.807Z: Error: ENOENT: no such file or directory, open '/mnt/c/Users/carlos/Desktop/bookstore/SimpleCart.min.js'
2017-07-26T23:40:05.971Z: Error: ENOENT: no such file or directory, open '/mnt/c/Users/carlos/Desktop/bookstore/SimpleCart.min.js'
